[0m[1mmodule.ecr[0].aws_ecr_repository.this: Creating...[0m[0m
[0m[1mmodule.ecr[0].aws_ecr_repository.this: Creation complete after 3s [id=appweb][0m[0m
[0m[1mmodule.ecr[0].aws_ecr_lifecycle_policy.this: Creating...[0m[0m
[0m[1mmodule.ecr[0].aws_ecr_repository_policy.this: Creating...[0m[0m
[0m[1mmodule.ecr[0].aws_ecr_repository_policy.this: Creation complete after 1s [id=appweb][0m[0m
[0m[1mmodule.ecr[0].aws_ecr_lifecycle_policy.this: Creation complete after 2s [id=appweb][0m[0m
[0m[1m[32m
Apply complete! Resources: 3 added, 0 changed, 0 destroyed.[0m
[0m[1m[32m
Outputs:

ecr_repository_arn = [
  "arn:aws:ecr:us-east-1:973795184365:repository/appweb",
]
ecr_repository_name = [
  "appweb",
]
ecr_repository_registry_id = [
  "973795184365",
]
ecr_repository_url = [
  "973795184365.dkr.ecr.us-east-1.amazonaws.com/appweb",
][0m
[0m[1mmodule.ecr[0].aws_ecr_repository.this: Refreshing state... [id=appweb][0m
[0m[1mmodule.ecr[0].aws_ecr_repository_policy.this: Refreshing state... [id=appweb][0m
[0m[1mmodule.ecr[0].aws_ecr_lifecycle_policy.this: Refreshing state... [id=appweb][0m
[0m[1m[32m
Apply complete! Resources: 0 added, 0 changed, 0 destroyed.[0m
[0m[1m[32m
Outputs:

ecr_repository_arn = [
  "arn:aws:ecr:us-east-1:973795184365:repository/appweb",
]
ecr_repository_name = [
  "appweb",
]
ecr_repository_registry_id = [
  "973795184365",
]
ecr_repository_url = [
  "973795184365.dkr.ecr.us-east-1.amazonaws.com/appweb",
][0m
[0m[1mmodule.ecr[0].aws_ecr_repository.this: Refreshing state... [id=appweb][0m
[0m[1mmodule.ecr[0].aws_ecr_repository_policy.this: Refreshing state... [id=appweb][0m
[0m[1mmodule.ecr[0].aws_ecr_lifecycle_policy.this: Refreshing state... [id=appweb][0m
[0m[1m[32m
Apply complete! Resources: 0 added, 0 changed, 0 destroyed.[0m
[0m[1m[32m
Outputs:

ecr_repository_arn = [
  "arn:aws:ecr:us-east-1:973795184365:repository/appweb",
]
ecr_repository_name = [
  "appweb",
]
ecr_repository_registry_id = [
  "973795184365",
]
ecr_repository_url = [
  "973795184365.dkr.ecr.us-east-1.amazonaws.com/appweb",
][0m
[0m[1mmodule.ecr[0].aws_ecr_repository_policy.this: Destroying... [id=appweb][0m[0m
[0m[1mmodule.ecr[0].aws_ecr_lifecycle_policy.this: Destroying... [id=appweb][0m[0m
[0m[1mmodule.ecr[0].aws_ecr_lifecycle_policy.this: Destruction complete after 1s[0m[0m
[0m[1mmodule.ecr[0].aws_ecr_repository_policy.this: Destruction complete after 1s[0m[0m
[0m[1mmodule.ecr[0].aws_ecr_repository.this: Destroying... [id=appweb][0m[0m
[0m[1mmodule.ecr[0].aws_ecr_repository.this: Destruction complete after 2s[0m[0m
[0m[1m[32m
Destroy complete! Resources: 3 destroyed.[0m
[0m[1m[32m
Destroy complete! Resources: 0 destroyed.[0m
[0m[1m[32m
Destroy complete! Resources: 0 destroyed.[0m
[0m[1mmodule.ecr[0].aws_ecr_repository.this: Creating...[0m[0m
[0m[1mmodule.ecr[0].aws_ecr_repository.this: Creation complete after 2s [id=appweb][0m[0m
[0m[1mmodule.ecr[0].aws_ecr_repository_policy.this: Creating...[0m[0m
[0m[1mmodule.ecr[0].aws_ecr_lifecycle_policy.this: Creating...[0m[0m
[0m[1mmodule.ecr[0].aws_ecr_lifecycle_policy.this: Creation complete after 1s [id=appweb][0m[0m
[0m[1mmodule.ecr[0].aws_ecr_repository_policy.this: Creation complete after 1s [id=appweb][0m[0m
[0m[1m[32m
Apply complete! Resources: 3 added, 0 changed, 0 destroyed.[0m
[0m[1m[32m
Outputs:

ecr_repository_arn = [
  "arn:aws:ecr:us-east-1:973795184365:repository/appweb",
]
ecr_repository_name = [
  "appweb",
]
ecr_repository_registry_id = [
  "973795184365",
]
ecr_repository_url = [
  "973795184365.dkr.ecr.us-east-1.amazonaws.com/appweb",
][0m
[0m[1mmodule.ecr[0].aws_ecr_repository.this: Refreshing state... [id=appweb][0m
[0m[1mmodule.ecr[0].aws_ecr_lifecycle_policy.this: Refreshing state... [id=appweb][0m
[0m[1mmodule.ecr[0].aws_ecr_repository_policy.this: Refreshing state... [id=appweb][0m
[0m[1m[32m
Apply complete! Resources: 0 added, 0 changed, 0 destroyed.[0m
[0m[1m[32m
Outputs:

ecr_repository_arn = [
  "arn:aws:ecr:us-east-1:973795184365:repository/appweb",
]
ecr_repository_name = [
  "appweb",
]
ecr_repository_registry_id = [
  "973795184365",
]
ecr_repository_url = [
  "973795184365.dkr.ecr.us-east-1.amazonaws.com/appweb",
][0m
[0m[1mmodule.ecr[0].aws_ecr_repository.this: Refreshing state... [id=appweb][0m
[0m[1mmodule.ecr[0].aws_ecr_repository_policy.this: Refreshing state... [id=appweb][0m
[0m[1mmodule.ecr[0].aws_ecr_lifecycle_policy.this: Refreshing state... [id=appweb][0m
[0m[1m[32m
Apply complete! Resources: 0 added, 0 changed, 0 destroyed.[0m
[0m[1m[32m
Outputs:

ecr_repository_arn = [
  "arn:aws:ecr:us-east-1:973795184365:repository/appweb",
]
ecr_repository_name = [
  "appweb",
]
ecr_repository_registry_id = [
  "973795184365",
]
ecr_repository_url = [
  "973795184365.dkr.ecr.us-east-1.amazonaws.com/appweb",
][0m
[0m[1mmodule.ecr[0].aws_ecr_repository_policy.this: Destroying... [id=appweb][0m[0m
[0m[1mmodule.ecr[0].aws_ecr_lifecycle_policy.this: Destroying... [id=appweb][0m[0m
[0m[1mmodule.ecr[0].aws_ecr_lifecycle_policy.this: Destruction complete after 1s[0m[0m
[0m[1mmodule.ecr[0].aws_ecr_repository_policy.this: Destruction complete after 1s[0m[0m
[0m[1mmodule.ecr[0].aws_ecr_repository.this: Destroying... [id=appweb][0m[0m
[0m[1mmodule.ecr[0].aws_ecr_repository.this: Destruction complete after 1s[0m[0m
[0m[1m[32m
Destroy complete! Resources: 3 destroyed.[0m
[0m[1m[32m
Destroy complete! Resources: 0 destroyed.[0m
[0m[1mmodule.ecr[0].aws_ecr_repository.this: Creating...[0m[0m
[0m[1mmodule.ecr[0].aws_ecr_repository.this: Creation complete after 2s [id=appweb][0m[0m
[0m[1mmodule.ecr[0].aws_ecr_lifecycle_policy.this: Creating...[0m[0m
[0m[1mmodule.ecr[0].aws_ecr_repository_policy.this: Creating...[0m[0m
[0m[1mmodule.ecr[0].aws_ecr_lifecycle_policy.this: Creation complete after 2s [id=appweb][0m[0m
[0m[1mmodule.ecr[0].aws_ecr_repository_policy.this: Creation complete after 2s [id=appweb][0m[0m
[0m[1m[32m
Apply complete! Resources: 3 added, 0 changed, 0 destroyed.[0m
[0m[1m[32m
Outputs:

ecr_repository_arn = [
  "arn:aws:ecr:us-east-1:973795184365:repository/appweb",
]
ecr_repository_name = [
  "appweb",
]
ecr_repository_registry_id = [
  "973795184365",
]
ecr_repository_url = [
  "973795184365.dkr.ecr.us-east-1.amazonaws.com/appweb",
][0m
[0m[1mmodule.ecr[0].aws_ecr_repository.this: Refreshing state... [id=appweb][0m
[0m[1mmodule.ecr[0].aws_ecr_repository_policy.this: Refreshing state... [id=appweb][0m
[0m[1mmodule.ecr[0].aws_ecr_lifecycle_policy.this: Refreshing state... [id=appweb][0m
[0m[1m[32m
Apply complete! Resources: 0 added, 0 changed, 0 destroyed.[0m
[0m[1m[32m
Outputs:

ecr_repository_arn = [
  "arn:aws:ecr:us-east-1:973795184365:repository/appweb",
]
ecr_repository_name = [
  "appweb",
]
ecr_repository_registry_id = [
  "973795184365",
]
ecr_repository_url = [
  "973795184365.dkr.ecr.us-east-1.amazonaws.com/appweb",
][0m
[0m[1mmodule.ecr[0].aws_ecr_repository.this: Refreshing state... [id=appweb][0m
[0m[1mmodule.ecr[0].aws_ecr_repository_policy.this: Refreshing state... [id=appweb][0m
[0m[1mmodule.ecr[0].aws_ecr_lifecycle_policy.this: Refreshing state... [id=appweb][0m
[0m[1m[32m
Apply complete! Resources: 0 added, 0 changed, 0 destroyed.[0m
[0m[1m[32m
Outputs:

ecr_repository_arn = [
  "arn:aws:ecr:us-east-1:973795184365:repository/appweb",
]
ecr_repository_name = [
  "appweb",
]
ecr_repository_registry_id = [
  "973795184365",
]
ecr_repository_url = [
  "973795184365.dkr.ecr.us-east-1.amazonaws.com/appweb",
][0m
[0m[1mmodule.ecr[0].aws_ecr_repository.this: Refreshing state... [id=appweb][0m
[0m[1mmodule.ecr[0].aws_ecr_repository_policy.this: Refreshing state... [id=appweb][0m
[0m[1mmodule.ecr[0].aws_ecr_lifecycle_policy.this: Refreshing state... [id=appweb][0m
[0m[1m[32m
Apply complete! Resources: 0 added, 0 changed, 0 destroyed.[0m
[0m[1m[32m
Outputs:

ecr_repository_arn = [
  "arn:aws:ecr:us-east-1:973795184365:repository/appweb",
]
ecr_repository_name = [
  "appweb",
]
ecr_repository_registry_id = [
  "973795184365",
]
ecr_repository_url = [
  "973795184365.dkr.ecr.us-east-1.amazonaws.com/appweb",
][0m
[0m[1mmodule.ecr[0].aws_ecr_repository.this: Refreshing state... [id=appweb][0m
[0m[1mmodule.ecr[0].aws_ecr_repository_policy.this: Refreshing state... [id=appweb][0m
[0m[1mmodule.ecr[0].aws_ecr_lifecycle_policy.this: Refreshing state... [id=appweb][0m
[0m[1m[32m
Apply complete! Resources: 0 added, 0 changed, 0 destroyed.[0m
[0m[1m[32m
Outputs:

ecr_repository_arn = [
  "arn:aws:ecr:us-east-1:973795184365:repository/appweb",
]
ecr_repository_name = [
  "appweb",
]
ecr_repository_registry_id = [
  "973795184365",
]
ecr_repository_url = [
  "973795184365.dkr.ecr.us-east-1.amazonaws.com/appweb",
][0m
[0m[1mmodule.ecr[0].aws_ecr_repository.this: Refreshing state... [id=appweb][0m
[0m[1mmodule.ecr[0].aws_ecr_lifecycle_policy.this: Refreshing state... [id=appweb][0m
[0m[1mmodule.ecr[0].aws_ecr_repository_policy.this: Refreshing state... [id=appweb][0m
[0m[1m[32m
Apply complete! Resources: 0 added, 0 changed, 0 destroyed.[0m
[0m[1m[32m
Outputs:

ecr_repository_arn = [
  "arn:aws:ecr:us-east-1:973795184365:repository/appweb",
]
ecr_repository_name = [
  "appweb",
]
ecr_repository_registry_id = [
  "973795184365",
]
ecr_repository_url = [
  "973795184365.dkr.ecr.us-east-1.amazonaws.com/appweb",
][0m
[0m[1mmodule.ecr[0].aws_ecr_repository.this: Refreshing state... [id=appweb][0m
[0m[1mmodule.ecr[0].aws_ecr_repository_policy.this: Refreshing state... [id=appweb][0m
[0m[1mmodule.ecr[0].aws_ecr_lifecycle_policy.this: Refreshing state... [id=appweb][0m
[0m[1m[32m
Apply complete! Resources: 0 added, 0 changed, 0 destroyed.[0m
[0m[1m[32m
Outputs:

ecr_repository_arn = [
  "arn:aws:ecr:us-east-1:973795184365:repository/appweb",
]
ecr_repository_name = [
  "appweb",
]
ecr_repository_registry_id = [
  "973795184365",
]
ecr_repository_url = [
  "973795184365.dkr.ecr.us-east-1.amazonaws.com/appweb",
][0m
[0m[1mmodule.ecr[0].aws_ecr_repository.this: Refreshing state... [id=appweb][0m
[0m[1mmodule.ecr[0].aws_ecr_repository_policy.this: Refreshing state... [id=appweb][0m
[0m[1mmodule.ecr[0].aws_ecr_lifecycle_policy.this: Refreshing state... [id=appweb][0m
[0m[1m[32m
Apply complete! Resources: 0 added, 0 changed, 0 destroyed.[0m
[0m[1m[32m
Outputs:

ecr_repository_arn = [
  "arn:aws:ecr:us-east-1:973795184365:repository/appweb",
]
ecr_repository_name = [
  "appweb",
]
ecr_repository_registry_id = [
  "973795184365",
]
ecr_repository_url = [
  "973795184365.dkr.ecr.us-east-1.amazonaws.com/appweb",
][0m
[0m[1mmodule.ecr[0].aws_ecr_repository.this: Refreshing state... [id=appweb][0m
[0m[1mmodule.ecr[0].aws_ecr_lifecycle_policy.this: Refreshing state... [id=appweb][0m
[0m[1mmodule.ecr[0].aws_ecr_repository_policy.this: Refreshing state... [id=appweb][0m
[0m[1m[32m
Apply complete! Resources: 0 added, 0 changed, 0 destroyed.[0m
[0m[1m[32m
Outputs:

ecr_repository_arn = [
  "arn:aws:ecr:us-east-1:973795184365:repository/appweb",
]
ecr_repository_name = [
  "appweb",
]
ecr_repository_registry_id = [
  "973795184365",
]
ecr_repository_url = [
  "973795184365.dkr.ecr.us-east-1.amazonaws.com/appweb",
][0m
[0m[1mmodule.ecr[0].aws_ecr_repository.this: Refreshing state... [id=appweb][0m
[0m[1mmodule.ecr[0].aws_ecr_lifecycle_policy.this: Refreshing state... [id=appweb][0m
[0m[1mmodule.ecr[0].aws_ecr_repository_policy.this: Refreshing state... [id=appweb][0m
[0m[1m[32m
Apply complete! Resources: 0 added, 0 changed, 0 destroyed.[0m
[0m[1m[32m
Outputs:

ecr_repository_arn = [
  "arn:aws:ecr:us-east-1:973795184365:repository/appweb",
]
ecr_repository_name = [
  "appweb",
]
ecr_repository_registry_id = [
  "973795184365",
]
ecr_repository_url = [
  "973795184365.dkr.ecr.us-east-1.amazonaws.com/appweb",
][0m
[0m[1mmodule.ecr[0].aws_ecr_repository.this: Refreshing state... [id=appweb][0m
[0m[1mmodule.ecr[0].aws_ecr_lifecycle_policy.this: Refreshing state... [id=appweb][0m
[0m[1mmodule.ecr[0].aws_ecr_repository_policy.this: Refreshing state... [id=appweb][0m
[0m[1m[32m
Apply complete! Resources: 0 added, 0 changed, 0 destroyed.[0m
[0m[1m[32m
Outputs:

ecr_repository_arn = [
  "arn:aws:ecr:us-east-1:973795184365:repository/appweb",
]
ecr_repository_name = [
  "appweb",
]
ecr_repository_registry_id = [
  "973795184365",
]
ecr_repository_url = [
  "973795184365.dkr.ecr.us-east-1.amazonaws.com/appweb",
][0m
[0m[1mmodule.ecr[0].aws_ecr_repository.this: Refreshing state... [id=appweb][0m
[0m[1mmodule.ecr[0].aws_ecr_lifecycle_policy.this: Refreshing state... [id=appweb][0m
[0m[1mmodule.ecr[0].aws_ecr_repository_policy.this: Refreshing state... [id=appweb][0m
[0m[1m[32m
Apply complete! Resources: 0 added, 0 changed, 0 destroyed.[0m
[0m[1m[32m
Outputs:

ecr_repository_arn = [
  "arn:aws:ecr:us-east-1:973795184365:repository/appweb",
]
ecr_repository_name = [
  "appweb",
]
ecr_repository_registry_id = [
  "973795184365",
]
ecr_repository_url = [
  "973795184365.dkr.ecr.us-east-1.amazonaws.com/appweb",
][0m
[0m[1mmodule.ecr[0].aws_ecr_repository.this: Refreshing state... [id=appweb][0m
[0m[1mmodule.ecr[0].aws_ecr_lifecycle_policy.this: Refreshing state... [id=appweb][0m
[0m[1mmodule.ecr[0].aws_ecr_repository_policy.this: Refreshing state... [id=appweb][0m
[0m[1m[32m
Apply complete! Resources: 0 added, 0 changed, 0 destroyed.[0m
[0m[1m[32m
Outputs:

ecr_repository_arn = [
  "arn:aws:ecr:us-east-1:973795184365:repository/appweb",
]
ecr_repository_name = [
  "appweb",
]
ecr_repository_registry_id = [
  "973795184365",
]
ecr_repository_url = [
  "973795184365.dkr.ecr.us-east-1.amazonaws.com/appweb",
][0m
[0m[1mmodule.ecr[0].aws_ecr_repository_policy.this: Destroying... [id=appweb][0m[0m
[0m[1mmodule.ecr[0].aws_ecr_lifecycle_policy.this: Destroying... [id=appweb][0m[0m
[0m[1mmodule.ecr[0].aws_ecr_lifecycle_policy.this: Destruction complete after 1s[0m[0m
[0m[1mmodule.ecr[0].aws_ecr_repository_policy.this: Destruction complete after 1s[0m[0m
[0m[1mmodule.ecr[0].aws_ecr_repository.this: Destroying... [id=appweb][0m[0m
[0m[1mmodule.ecr[0].aws_ecr_repository.this: Destruction complete after 2s[0m[0m
[0m[1m[32m
Destroy complete! Resources: 3 destroyed.[0m
[0m[1m[32m
Destroy complete! Resources: 0 destroyed.[0m
