[0m[1mmodule.s3-app.aws_s3_bucket.this[0]: Creating...[0m[0m
[0m[1mmodule.s3-app.aws_s3_bucket.this[0]: Still creating... [10s elapsed][0m[0m
[0m[1mmodule.s3-app.aws_s3_bucket.this[0]: Creation complete after 12s [id=dev-appweb][0m[0m
[0m[1mmodule.s3-app.aws_s3_bucket_public_access_block.this[0]: Creating...[0m[0m
[0m[1mmodule.s3-app.aws_s3_bucket_public_access_block.this[0]: Creation complete after 1s [id=dev-appweb][0m[0m
[0m[1m[32m
Apply complete! Resources: 2 added, 0 changed, 0 destroyed.[0m
[0m[1mmodule.s3-app.aws_s3_bucket.this[0]: Refreshing state... [id=dev-appweb][0m
[0m[1mmodule.s3-app.aws_s3_bucket_public_access_block.this[0]: Refreshing state... [id=dev-appweb][0m
[0m[1m[32m
Apply complete! Resources: 0 added, 0 changed, 0 destroyed.[0m
[0m[1mmodule.s3-app.aws_s3_bucket.this[0]: Refreshing state... [id=dev-appweb][0m
[0m[1mmodule.s3-app.aws_s3_bucket_public_access_block.this[0]: Refreshing state... [id=dev-appweb][0m
[0m[1m[32m
Apply complete! Resources: 0 added, 0 changed, 0 destroyed.[0m
[0m[1mmodule.s3-app.aws_s3_bucket_public_access_block.this[0]: Destroying... [id=dev-appweb][0m[0m
[0m[1mmodule.s3-app.aws_s3_bucket_public_access_block.this[0]: Destruction complete after 1s[0m[0m
[0m[1mmodule.s3-app.aws_s3_bucket.this[0]: Destroying... [id=dev-appweb][0m[0m
[0m[1mmodule.s3-app.aws_s3_bucket.this[0]: Destruction complete after 1s[0m[0m
[0m[1m[32m
Destroy complete! Resources: 2 destroyed.[0m
[0m[1m[32m
Destroy complete! Resources: 0 destroyed.[0m
[0m[1m[32m
Destroy complete! Resources: 0 destroyed.[0m
[0m[1mmodule.s3-app.aws_s3_bucket.this[0]: Creating...[0m[0m
[0m[1mmodule.s3-app.aws_s3_bucket.this[0]: Still creating... [10s elapsed][0m[0m
[0m[1mmodule.s3-app.aws_s3_bucket.this[0]: Creation complete after 11s [id=dev-appweb][0m[0m
[0m[1mmodule.s3-app.aws_s3_bucket_public_access_block.this[0]: Creating...[0m[0m
[0m[1mmodule.s3-app.aws_s3_bucket_public_access_block.this[0]: Creation complete after 2s [id=dev-appweb][0m[0m
[0m[1m[32m
Apply complete! Resources: 2 added, 0 changed, 0 destroyed.[0m
[0m[1mmodule.s3-app.aws_s3_bucket.this[0]: Refreshing state... [id=dev-appweb][0m
[0m[1mmodule.s3-app.aws_s3_bucket_public_access_block.this[0]: Refreshing state... [id=dev-appweb][0m
[0m[1m[32m
Apply complete! Resources: 0 added, 0 changed, 0 destroyed.[0m
[0m[1mmodule.s3-app.aws_s3_bucket.this[0]: Refreshing state... [id=dev-appweb][0m
[0m[1mmodule.s3-app.aws_s3_bucket_public_access_block.this[0]: Refreshing state... [id=dev-appweb][0m
[0m[1m[32m
Apply complete! Resources: 0 added, 0 changed, 0 destroyed.[0m
[0m[1mmodule.s3-app.aws_s3_bucket_public_access_block.this[0]: Destroying... [id=dev-appweb][0m[0m
[0m[1mmodule.s3-app.aws_s3_bucket_public_access_block.this[0]: Destruction complete after 1s[0m[0m
[0m[1mmodule.s3-app.aws_s3_bucket.this[0]: Destroying... [id=dev-appweb][0m[0m
[0m[1mmodule.s3-app.aws_s3_bucket.this[0]: Destruction complete after 1s[0m[0m
[0m[1m[32m
Destroy complete! Resources: 2 destroyed.[0m
[0m[1m[32m
Destroy complete! Resources: 0 destroyed.[0m
[0m[1mmodule.s3-app.aws_s3_bucket.this[0]: Creating...[0m[0m
[0m[1mmodule.s3-app.aws_s3_bucket.this[0]: Still creating... [10s elapsed][0m[0m
[0m[1mmodule.s3-app.aws_s3_bucket.this[0]: Creation complete after 11s [id=dev-appweb][0m[0m
[0m[1mmodule.s3-app.aws_s3_bucket_public_access_block.this[0]: Creating...[0m[0m
[0m[1mmodule.s3-app.aws_s3_bucket_public_access_block.this[0]: Creation complete after 2s [id=dev-appweb][0m[0m
[0m[1m[32m
Apply complete! Resources: 2 added, 0 changed, 0 destroyed.[0m
[0m[1mmodule.s3-app.aws_s3_bucket.this[0]: Refreshing state... [id=dev-appweb][0m
[0m[1mmodule.s3-app.aws_s3_bucket_public_access_block.this[0]: Refreshing state... [id=dev-appweb][0m
[0m[1m[32m
Apply complete! Resources: 0 added, 0 changed, 0 destroyed.[0m
[0m[1mmodule.s3-app.aws_s3_bucket.this[0]: Refreshing state... [id=dev-appweb][0m
[0m[1mmodule.s3-app.aws_s3_bucket_public_access_block.this[0]: Refreshing state... [id=dev-appweb][0m
[0m[1m[32m
Apply complete! Resources: 0 added, 0 changed, 0 destroyed.[0m
[0m[1mmodule.s3-app.aws_s3_bucket.this[0]: Refreshing state... [id=dev-appweb][0m
[0m[1mmodule.s3-app.aws_s3_bucket_public_access_block.this[0]: Refreshing state... [id=dev-appweb][0m
[0m[1m[32m
Apply complete! Resources: 0 added, 0 changed, 0 destroyed.[0m
[0m[1mmodule.s3-app.aws_s3_bucket.this[0]: Refreshing state... [id=dev-appweb][0m
[0m[1mmodule.s3-app.aws_s3_bucket_public_access_block.this[0]: Refreshing state... [id=dev-appweb][0m
[0m[1m[32m
Apply complete! Resources: 0 added, 0 changed, 0 destroyed.[0m
[0m[1mmodule.s3-app.aws_s3_bucket.this[0]: Refreshing state... [id=dev-appweb][0m
[0m[1mmodule.s3-app.aws_s3_bucket_public_access_block.this[0]: Refreshing state... [id=dev-appweb][0m
[0m[1m[32m
Apply complete! Resources: 0 added, 0 changed, 0 destroyed.[0m
[0m[1mmodule.s3-app.aws_s3_bucket.this[0]: Refreshing state... [id=dev-appweb][0m
[0m[1mmodule.s3-app.aws_s3_bucket_public_access_block.this[0]: Refreshing state... [id=dev-appweb][0m
[0m[1m[32m
Apply complete! Resources: 0 added, 0 changed, 0 destroyed.[0m
[0m[1mmodule.s3-app.aws_s3_bucket.this[0]: Refreshing state... [id=dev-appweb][0m
[0m[1mmodule.s3-app.aws_s3_bucket_public_access_block.this[0]: Refreshing state... [id=dev-appweb][0m
[0m[1m[32m
Apply complete! Resources: 0 added, 0 changed, 0 destroyed.[0m
[0m[1mmodule.s3-app.aws_s3_bucket.this[0]: Refreshing state... [id=dev-appweb][0m
[0m[1mmodule.s3-app.aws_s3_bucket_public_access_block.this[0]: Refreshing state... [id=dev-appweb][0m
[0m[1m[32m
Apply complete! Resources: 0 added, 0 changed, 0 destroyed.[0m
[0m[1mmodule.s3-app.aws_s3_bucket.this[0]: Refreshing state... [id=dev-appweb][0m
[0m[1mmodule.s3-app.aws_s3_bucket_public_access_block.this[0]: Refreshing state... [id=dev-appweb][0m
[0m[1m[32m
Apply complete! Resources: 0 added, 0 changed, 0 destroyed.[0m
[0m[1mmodule.s3-app.aws_s3_bucket.this[0]: Refreshing state... [id=dev-appweb][0m
[0m[1mmodule.s3-app.aws_s3_bucket_public_access_block.this[0]: Refreshing state... [id=dev-appweb][0m
[0m[1m[32m
Apply complete! Resources: 0 added, 0 changed, 0 destroyed.[0m
[0m[1mmodule.s3-app.aws_s3_bucket.this[0]: Refreshing state... [id=dev-appweb][0m
[0m[1mmodule.s3-app.aws_s3_bucket_public_access_block.this[0]: Refreshing state... [id=dev-appweb][0m
[0m[1m[32m
Apply complete! Resources: 0 added, 0 changed, 0 destroyed.[0m
[0m[1mmodule.s3-app.aws_s3_bucket_public_access_block.this[0]: Destroying... [id=dev-appweb][0m[0m
[0m[1mmodule.s3-app.aws_s3_bucket_public_access_block.this[0]: Destruction complete after 1s[0m[0m
[0m[1mmodule.s3-app.aws_s3_bucket.this[0]: Destroying... [id=dev-appweb][0m[0m
[0m[1mmodule.s3-app.aws_s3_bucket.this[0]: Destruction complete after 1s[0m[0m
[0m[1m[32m
Destroy complete! Resources: 2 destroyed.[0m
[0m[1m[32m
Destroy complete! Resources: 0 destroyed.[0m
[0m[1m[32m
Destroy complete! Resources: 0 destroyed.[0m
[0m[1m[32m
Destroy complete! Resources: 0 destroyed.[0m
